<?xml version="1.0" encoding="UTF-8"?>
<!-- Generated by org.testng.reporters.JUnitReportReporter -->
<testsuite hostname="DESKTOP-COU5KHA" failures="0" tests="1" name="com.htmPorject.testClass.TC_001_LoginTest" time="20.704" errors="0" timestamp="2023-02-15T10:08:47 IST" skipped="0">
  <testcase classname="com.htmPorject.testClass.TC_001_LoginTest" name="loginVerify" time="20.704"/>
  <system-out/>
</testsuite> <!-- com.htmPorject.testClass.TC_001_LoginTest -->
